2019-08-26 16:49:28,558 [Worker-4: Loading available Gradle versions] INFO  o.e.b.c.i.u.g.PublishedGradleVersions - Gradle version information cache is out-of-date. Trying to update.
2019-08-28 17:38:17,372 [Worker-203: Creating maven-archetype-quickstart] INFO  o.e.m.c.i.p.ProjectConfigurationManager - Collecting project info '/pom.xml' C:\Project2\AutomationProject\TestingQEtodolist\pom.xml
2019-08-28 17:38:22,622 [Worker-203: Creating maven-archetype-quickstart] INFO  o.e.m.c.i.l.LifecycleMappingFactory - Using org.eclipse.m2e.jdt.JarLifecycleMapping lifecycle mapping for MavenProject: QEtodolist:TestingQEtodolist:0.0.1-SNAPSHOT @ C:\Project2\AutomationProject\TestingQEtodolist\pom.xml.
2019-08-28 17:38:24,667 [Worker-203: Creating maven-archetype-quickstart] INFO  o.e.m.j.i.AbstractJavaProjectConfigurator - Adding source folder /TestingQEtodolist/src/main/java
2019-08-28 17:38:24,675 [Worker-203: Creating maven-archetype-quickstart] INFO  o.e.m.j.i.AbstractJavaProjectConfigurator - Adding source folder /TestingQEtodolist/src/test/java
2019-08-28 17:38:25,180 [Worker-203: Creating maven-archetype-quickstart] INFO  o.e.m.c.i.p.ProjectConfigurationManager - Imported and configured 1 project(s) in 7 sec
2019-08-28 17:38:26,224 [Worker-207: Building workspace] INFO  o.e.m.c.i.embedder.EclipseLogger - Using 'UTF-8' encoding to copy filtered resources.
2019-08-28 17:38:26,224 [Worker-207: Building workspace] INFO  o.e.m.c.i.embedder.EclipseLogger - skip non existing resourceDirectory C:\Project2\AutomationProject\TestingQEtodolist\src\main\resources
2019-08-28 17:38:26,225 [Worker-207: Building workspace] INFO  o.e.m.c.i.embedder.EclipseLogger - Using 'UTF-8' encoding to copy filtered resources.
2019-08-28 17:38:26,226 [Worker-207: Building workspace] INFO  o.e.m.c.i.embedder.EclipseLogger - skip non existing resourceDirectory C:\Project2\AutomationProject\TestingQEtodolist\src\test\resources
2019-08-28 17:39:59,568 [Worker-203: Building workspace] INFO  o.e.m.c.i.embedder.EclipseLogger - Using 'UTF-8' encoding to copy filtered resources.
2019-08-28 17:39:59,568 [Worker-203: Building workspace] INFO  o.e.m.c.i.embedder.EclipseLogger - skip non existing resourceDirectory C:\Project2\AutomationProject\TestingQEtodolist\src\main\resources
2019-08-28 17:39:59,569 [Worker-203: Building workspace] INFO  o.e.m.c.i.embedder.EclipseLogger - Using 'UTF-8' encoding to copy filtered resources.
2019-08-28 17:39:59,569 [Worker-203: Building workspace] INFO  o.e.m.c.i.embedder.EclipseLogger - skip non existing resourceDirectory C:\Project2\AutomationProject\TestingQEtodolist\src\test\resources
2019-08-28 17:40:05,491 [Worker-200: Building workspace] INFO  o.e.m.c.i.embedder.EclipseLogger - Using 'UTF-8' encoding to copy filtered resources.
2019-08-28 17:40:05,492 [Worker-200: Building workspace] INFO  o.e.m.c.i.embedder.EclipseLogger - skip non existing resourceDirectory C:\Project2\AutomationProject\TestingQEtodolist\src\main\resources
2019-08-28 17:40:05,493 [Worker-200: Building workspace] INFO  o.e.m.c.i.embedder.EclipseLogger - Using 'UTF-8' encoding to copy filtered resources.
2019-08-28 17:40:05,494 [Worker-200: Building workspace] INFO  o.e.m.c.i.embedder.EclipseLogger - skip non existing resourceDirectory C:\Project2\AutomationProject\TestingQEtodolist\src\test\resources
2019-08-28 17:40:22,687 [Worker-203: Building workspace] INFO  o.e.m.c.i.embedder.EclipseLogger - Using 'UTF-8' encoding to copy filtered resources.
2019-08-28 17:40:22,687 [Worker-203: Building workspace] INFO  o.e.m.c.i.embedder.EclipseLogger - skip non existing resourceDirectory C:\Project2\AutomationProject\TestingQEtodolist\src\main\resources
2019-08-28 17:40:22,689 [Worker-203: Building workspace] INFO  o.e.m.c.i.embedder.EclipseLogger - Using 'UTF-8' encoding to copy filtered resources.
2019-08-28 17:40:22,689 [Worker-203: Building workspace] INFO  o.e.m.c.i.embedder.EclipseLogger - skip non existing resourceDirectory C:\Project2\AutomationProject\TestingQEtodolist\src\test\resources
2019-08-28 17:40:31,844 [Worker-200: Building workspace] INFO  o.e.m.c.i.embedder.EclipseLogger - Using 'UTF-8' encoding to copy filtered resources.
2019-08-28 17:40:31,844 [Worker-200: Building workspace] INFO  o.e.m.c.i.embedder.EclipseLogger - skip non existing resourceDirectory C:\Project2\AutomationProject\TestingQEtodolist\src\main\resources
2019-08-28 17:40:31,846 [Worker-200: Building workspace] INFO  o.e.m.c.i.embedder.EclipseLogger - Using 'UTF-8' encoding to copy filtered resources.
2019-08-28 17:40:31,847 [Worker-200: Building workspace] INFO  o.e.m.c.i.embedder.EclipseLogger - skip non existing resourceDirectory C:\Project2\AutomationProject\TestingQEtodolist\src\test\resources
2019-08-28 17:40:39,700 [Worker-203: Building workspace] INFO  o.e.m.c.i.embedder.EclipseLogger - Using 'UTF-8' encoding to copy filtered resources.
2019-08-28 17:40:39,701 [Worker-203: Building workspace] INFO  o.e.m.c.i.embedder.EclipseLogger - skip non existing resourceDirectory C:\Project2\AutomationProject\TestingQEtodolist\src\main\resources
2019-08-28 17:40:39,702 [Worker-203: Building workspace] INFO  o.e.m.c.i.embedder.EclipseLogger - Using 'UTF-8' encoding to copy filtered resources.
2019-08-28 17:40:39,703 [Worker-203: Building workspace] INFO  o.e.m.c.i.embedder.EclipseLogger - skip non existing resourceDirectory C:\Project2\AutomationProject\TestingQEtodolist\src\test\resources
2019-08-28 17:40:49,197 [Worker-209: Building workspace] INFO  o.e.m.c.i.embedder.EclipseLogger - Using 'UTF-8' encoding to copy filtered resources.
2019-08-28 17:40:49,197 [Worker-209: Building workspace] INFO  o.e.m.c.i.embedder.EclipseLogger - skip non existing resourceDirectory C:\Project2\AutomationProject\TestingQEtodolist\src\main\resources
2019-08-28 17:40:49,198 [Worker-209: Building workspace] INFO  o.e.m.c.i.embedder.EclipseLogger - Using 'UTF-8' encoding to copy filtered resources.
2019-08-28 17:40:49,199 [Worker-209: Building workspace] INFO  o.e.m.c.i.embedder.EclipseLogger - skip non existing resourceDirectory C:\Project2\AutomationProject\TestingQEtodolist\src\test\resources
2019-08-28 17:41:32,247 [Worker-203: Building workspace] INFO  o.e.m.c.i.l.LifecycleMappingFactory - Using org.eclipse.m2e.jdt.JarLifecycleMapping lifecycle mapping for MavenProject: QEtodolist:TestingQEtodolist:0.0.1-SNAPSHOT @ C:\Project2\AutomationProject\TestingQEtodolist\pom.xml.
2019-08-28 17:41:40,081 [Worker-203: Building workspace] INFO  o.e.m.c.i.embedder.EclipseLogger - Using 'UTF-8' encoding to copy filtered resources.
2019-08-28 17:41:40,082 [Worker-203: Building workspace] INFO  o.e.m.c.i.embedder.EclipseLogger - skip non existing resourceDirectory C:\Project2\AutomationProject\TestingQEtodolist\src\main\resources
2019-08-28 17:41:40,085 [Worker-203: Building workspace] INFO  o.e.m.c.i.embedder.EclipseLogger - Using 'UTF-8' encoding to copy filtered resources.
2019-08-28 17:41:40,086 [Worker-203: Building workspace] INFO  o.e.m.c.i.embedder.EclipseLogger - skip non existing resourceDirectory C:\Project2\AutomationProject\TestingQEtodolist\src\test\resources
2019-08-28 17:41:41,655 [Worker-200: Building workspace] INFO  o.e.m.c.i.embedder.EclipseLogger - Using 'UTF-8' encoding to copy filtered resources.
2019-08-28 17:41:41,656 [Worker-200: Building workspace] INFO  o.e.m.c.i.embedder.EclipseLogger - skip non existing resourceDirectory C:\Project2\AutomationProject\TestingQEtodolist\src\main\resources
2019-08-28 17:41:41,657 [Worker-200: Building workspace] INFO  o.e.m.c.i.embedder.EclipseLogger - Using 'UTF-8' encoding to copy filtered resources.
2019-08-28 17:41:41,658 [Worker-200: Building workspace] INFO  o.e.m.c.i.embedder.EclipseLogger - skip non existing resourceDirectory C:\Project2\AutomationProject\TestingQEtodolist\src\test\resources
2019-08-28 17:42:12,354 [Worker-204: Building workspace] INFO  o.e.m.c.i.embedder.EclipseLogger - Using 'UTF-8' encoding to copy filtered resources.
2019-08-28 17:42:12,355 [Worker-204: Building workspace] INFO  o.e.m.c.i.embedder.EclipseLogger - skip non existing resourceDirectory C:\Project2\AutomationProject\TestingQEtodolist\src\main\resources
2019-08-28 17:42:12,356 [Worker-204: Building workspace] INFO  o.e.m.c.i.embedder.EclipseLogger - Using 'UTF-8' encoding to copy filtered resources.
2019-08-28 17:42:12,357 [Worker-204: Building workspace] INFO  o.e.m.c.i.embedder.EclipseLogger - skip non existing resourceDirectory C:\Project2\AutomationProject\TestingQEtodolist\src\test\resources
2019-08-28 17:42:24,625 [Worker-203: Building workspace] INFO  o.e.m.c.i.l.LifecycleMappingFactory - Using org.eclipse.m2e.jdt.JarLifecycleMapping lifecycle mapping for MavenProject: QEtodolist:TestingQEtodolist:0.0.1-SNAPSHOT @ C:\Project2\AutomationProject\TestingQEtodolist\pom.xml.
2019-08-28 17:42:25,081 [Worker-203: Building workspace] INFO  o.e.m.c.i.embedder.EclipseLogger - Using 'UTF-8' encoding to copy filtered resources.
2019-08-28 17:42:25,081 [Worker-203: Building workspace] INFO  o.e.m.c.i.embedder.EclipseLogger - skip non existing resourceDirectory C:\Project2\AutomationProject\TestingQEtodolist\src\main\resources
2019-08-28 17:42:25,083 [Worker-203: Building workspace] INFO  o.e.m.c.i.embedder.EclipseLogger - Using 'UTF-8' encoding to copy filtered resources.
2019-08-28 17:42:25,084 [Worker-203: Building workspace] INFO  o.e.m.c.i.embedder.EclipseLogger - skip non existing resourceDirectory C:\Project2\AutomationProject\TestingQEtodolist\src\test\resources
2019-08-28 17:42:29,157 [main] INFO  o.e.m2e.actions.ExecutePomAction - Creating new launch configuration
2019-08-28 17:42:32,659 [Worker-209: Launching TestingQEtodolist] INFO  o.e.m.i.launch.MavenLaunchDelegate - C:\Project2\AutomationProject\TestingQEtodolist
2019-08-28 17:42:32,660 [Worker-209: Launching TestingQEtodolist] INFO  o.e.m.i.launch.MavenLaunchDelegate -  mvn -B 
2019-08-28 17:42:49,067 [Worker-203: Launching Executing install in C__Project2_AutomationProject_TestingQEtodolist] INFO  o.e.m.i.launch.MavenLaunchDelegate - C:\Project2\AutomationProject\TestingQEtodolist
2019-08-28 17:42:49,068 [Worker-203: Launching Executing install in C__Project2_AutomationProject_TestingQEtodolist] INFO  o.e.m.i.launch.MavenLaunchDelegate -  mvn -B install
2019-08-28 17:42:51,743 [Worker-203: Building workspace] INFO  o.e.m.c.i.embedder.EclipseLogger - Using 'UTF-8' encoding to copy filtered resources.
2019-08-28 17:42:51,743 [Worker-203: Building workspace] INFO  o.e.m.c.i.embedder.EclipseLogger - skip non existing resourceDirectory C:\Project2\AutomationProject\TestingQEtodolist\src\main\resources
2019-08-28 17:42:51,745 [Worker-203: Building workspace] INFO  o.e.m.c.i.embedder.EclipseLogger - Using 'UTF-8' encoding to copy filtered resources.
2019-08-28 17:42:51,746 [Worker-203: Building workspace] INFO  o.e.m.c.i.embedder.EclipseLogger - skip non existing resourceDirectory C:\Project2\AutomationProject\TestingQEtodolist\src\test\resources
2019-08-28 17:47:23,508 [Worker-204: Building workspace] INFO  o.e.m.c.i.embedder.EclipseLogger - Using 'UTF-8' encoding to copy filtered resources.
2019-08-28 17:47:23,508 [Worker-204: Building workspace] INFO  o.e.m.c.i.embedder.EclipseLogger - skip non existing resourceDirectory C:\Project2\AutomationProject\TestingQEtodolist\src\main\resources
2019-08-28 17:47:23,509 [Worker-204: Building workspace] INFO  o.e.m.c.i.embedder.EclipseLogger - Using 'UTF-8' encoding to copy filtered resources.
2019-08-28 17:47:23,510 [Worker-204: Building workspace] INFO  o.e.m.c.i.embedder.EclipseLogger - skip non existing resourceDirectory C:\Project2\AutomationProject\TestingQEtodolist\src\test\resources
2019-08-28 17:47:40,668 [Worker-203: Launching Executing install in C__Project2_AutomationProject_TestingQEtodolist] INFO  o.e.m.i.launch.MavenLaunchDelegate - C:\Project2\AutomationProject\TestingQEtodolist
2019-08-28 17:47:40,668 [Worker-203: Launching Executing install in C__Project2_AutomationProject_TestingQEtodolist] INFO  o.e.m.i.launch.MavenLaunchDelegate -  mvn -B install
2019-08-28 17:47:43,161 [Worker-209: Building workspace] INFO  o.e.m.c.i.embedder.EclipseLogger - Using 'UTF-8' encoding to copy filtered resources.
2019-08-28 17:47:43,162 [Worker-209: Building workspace] INFO  o.e.m.c.i.embedder.EclipseLogger - skip non existing resourceDirectory C:\Project2\AutomationProject\TestingQEtodolist\src\main\resources
2019-08-28 17:47:43,163 [Worker-209: Building workspace] INFO  o.e.m.c.i.embedder.EclipseLogger - Using 'UTF-8' encoding to copy filtered resources.
2019-08-28 17:47:43,163 [Worker-209: Building workspace] INFO  o.e.m.c.i.embedder.EclipseLogger - skip non existing resourceDirectory C:\Project2\AutomationProject\TestingQEtodolist\src\test\resources
2019-08-28 17:48:01,287 [Worker-210: Updating Maven Project] INFO  o.e.m.c.i.p.ProjectConfigurationManager - Update started
2019-08-28 17:48:01,549 [Worker-210: Updating Maven Project] INFO  o.e.m.c.i.l.LifecycleMappingFactory - Using org.eclipse.m2e.jdt.JarLifecycleMapping lifecycle mapping for MavenProject: QEtodolist:TestingQEtodolist:0.0.1-SNAPSHOT @ C:\Project2\AutomationProject\TestingQEtodolist\pom.xml.
2019-08-28 17:48:01,923 [Worker-210: Updating Maven Project] INFO  o.e.m.j.i.AbstractJavaProjectConfigurator - Adding source folder /TestingQEtodolist/src/main/java
2019-08-28 17:48:01,925 [Worker-210: Updating Maven Project] INFO  o.e.m.j.i.AbstractJavaProjectConfigurator - Adding source folder /TestingQEtodolist/src/test/java
2019-08-28 17:48:02,083 [Worker-210: Updating Maven Project] INFO  o.e.m.c.i.p.ProjectConfigurationManager - Update completed: 0 sec
2019-08-28 17:48:02,374 [Worker-208: Building workspace] INFO  o.e.m.c.i.embedder.EclipseLogger - Using 'UTF-8' encoding to copy filtered resources.
2019-08-28 17:48:02,374 [Worker-208: Building workspace] INFO  o.e.m.c.i.embedder.EclipseLogger - skip non existing resourceDirectory C:\Project2\AutomationProject\TestingQEtodolist\src\main\resources
2019-08-28 17:48:02,376 [Worker-208: Building workspace] INFO  o.e.m.c.i.embedder.EclipseLogger - Using 'UTF-8' encoding to copy filtered resources.
2019-08-28 17:48:02,376 [Worker-208: Building workspace] INFO  o.e.m.c.i.embedder.EclipseLogger - skip non existing resourceDirectory C:\Project2\AutomationProject\TestingQEtodolist\src\test\resources
2019-08-28 17:48:14,547 [Worker-209: Launching Executing install in C__Project2_AutomationProject_TestingQEtodolist] INFO  o.e.m.i.launch.MavenLaunchDelegate - C:\Project2\AutomationProject\TestingQEtodolist
2019-08-28 17:48:14,547 [Worker-209: Launching Executing install in C__Project2_AutomationProject_TestingQEtodolist] INFO  o.e.m.i.launch.MavenLaunchDelegate -  mvn -B install
2019-08-28 17:48:27,191 [Worker-208: Building workspace] INFO  o.e.m.c.i.embedder.EclipseLogger - Using 'UTF-8' encoding to copy filtered resources.
2019-08-28 17:48:27,191 [Worker-208: Building workspace] INFO  o.e.m.c.i.embedder.EclipseLogger - skip non existing resourceDirectory C:\Project2\AutomationProject\TestingQEtodolist\src\main\resources
2019-08-28 17:48:27,193 [Worker-208: Building workspace] INFO  o.e.m.c.i.embedder.EclipseLogger - Using 'UTF-8' encoding to copy filtered resources.
2019-08-28 17:48:27,194 [Worker-208: Building workspace] INFO  o.e.m.c.i.embedder.EclipseLogger - skip non existing resourceDirectory C:\Project2\AutomationProject\TestingQEtodolist\src\test\resources
2019-08-28 17:48:32,884 [Worker-210: Launching Executing test in C__Project2_AutomationProject_TestingQEtodolist] INFO  o.e.m.i.launch.MavenLaunchDelegate - C:\Project2\AutomationProject\TestingQEtodolist
2019-08-28 17:48:32,884 [Worker-210: Launching Executing test in C__Project2_AutomationProject_TestingQEtodolist] INFO  o.e.m.i.launch.MavenLaunchDelegate -  mvn -B test
2019-08-28 17:48:41,540 [Worker-203: Building workspace] INFO  o.e.m.c.i.embedder.EclipseLogger - Using 'UTF-8' encoding to copy filtered resources.
2019-08-28 17:48:41,541 [Worker-203: Building workspace] INFO  o.e.m.c.i.embedder.EclipseLogger - skip non existing resourceDirectory C:\Project2\AutomationProject\TestingQEtodolist\src\main\resources
2019-08-28 17:48:41,542 [Worker-203: Building workspace] INFO  o.e.m.c.i.embedder.EclipseLogger - Using 'UTF-8' encoding to copy filtered resources.
2019-08-28 17:48:41,542 [Worker-203: Building workspace] INFO  o.e.m.c.i.embedder.EclipseLogger - skip non existing resourceDirectory C:\Project2\AutomationProject\TestingQEtodolist\src\test\resources
